Log file open, 08/13/21 19:30:05
LogWindows: Failed to load 'aqProf.dll' (GetLastError=126)
LogWindows: File 'aqProf.dll' does not exist
LogWindows: Failed to load 'VtuneApi.dll' (GetLastError=126)
LogWindows: File 'VtuneApi.dll' does not exist
LogWindows: Failed to load 'VtuneApi32e.dll' (GetLastError=126)
LogWindows: File 'VtuneApi32e.dll' does not exist
LogConsoleResponse: Display: Failed to find resolution value strings in scalability ini. Falling back to default.
LogInit: Display: Running engine for game: PRIMEROS_PASOS
LogPakFile: Registered encryption key '00000000000000000000000000000000': 0 pak files mounted, 0 remain pending
LogPlatformFile: Not using cached read wrapper
LogTaskGraph: Started task graph with 5 named threads and 23 total threads with 3 sets of task threads.
LogStats: Stats thread started at 0.374621
LogD3D11RHI: Loaded GFSDK_Aftermath_Lib.x64.dll
LogICUInternationalization: ICU TimeZone Detection - Raw Offset: -6:00, Platform Override: ''
LogPluginManager: Mounting plugin Paper2D
LogPluginManager: Mounting plugin AISupport
LogPluginManager: Mounting plugin LightPropagationVolume
LogPluginManager: Mounting plugin ActorLayerUtilities
LogPluginManager: Mounting plugin AnimationSharing
LogPluginManager: Mounting plugin CLionSourceCodeAccess
LogPluginManager: Mounting plugin CodeLiteSourceCodeAccess
LogPluginManager: Mounting plugin GitSourceControl
LogPluginManager: Mounting plugin KDevelopSourceCodeAccess
LogPluginManager: Mounting plugin NullSourceCodeAccess
LogPluginManager: Mounting plugin PerforceSourceControl
LogPluginManager: Mounting plugin SubversionSourceControl
LogPluginManager: Mounting plugin UObjectPlugin
LogPluginManager: Mounting plugin VisualStudioCodeSourceCodeAccess
LogPluginManager: Mounting plugin VisualStudioSourceCodeAccess
LogPluginManager: Mounting plugin XCodeSourceCodeAccess
LogPluginManager: Mounting plugin AssetManagerEditor
LogPluginManager: Mounting plugin CryptoKeys
LogPluginManager: Mounting plugin DataValidation
LogPluginManager: Mounting plugin FacialAnimation
LogPluginManager: Mounting plugin GameplayTagsEditor
LogPluginManager: Mounting plugin MacGraphicsSwitching
LogPluginManager: Mounting plugin MaterialAnalyzer
LogPluginManager: Mounting plugin MobileLauncherProfileWizard
LogPluginManager: Mounting plugin PluginBrowser
LogPluginManager: Mounting plugin SpeedTreeImporter
LogPluginManager: Mounting plugin DatasmithContent
LogPluginManager: Mounting plugin VariantManagerContent
LogPluginManager: Mounting plugin AlembicImporter
LogPluginManager: Mounting plugin AppleImageUtils
LogPluginManager: Mounting plugin AppleVision
LogPluginManager: Mounting plugin BackChannel
LogPluginManager: Mounting plugin CharacterAI
LogPluginManager: Mounting plugin GeometryCache
LogPluginManager: Mounting plugin HTML5Networking
LogPluginManager: Mounting plugin ProxyLODPlugin
LogPluginManager: Mounting plugin SkeletalReduction
LogPluginManager: Mounting plugin MagicLeap
LogPluginManager: Mounting plugin MagicLeapMedia
LogPluginManager: Mounting plugin AndroidMedia
LogPluginManager: Mounting plugin AvfMedia
LogPluginManager: Mounting plugin ImgMedia
LogPluginManager: Mounting plugin LinearTimecode
LogPluginManager: Mounting plugin MediaCompositing
LogPluginManager: Mounting plugin MediaPlayerEditor
LogPluginManager: Mounting plugin WebMMedia
LogPluginManager: Mounting plugin WmfMedia
LogPluginManager: Mounting plugin TcpMessaging
LogPluginManager: Mounting plugin UdpMessaging
LogPluginManager: Mounting plugin ActorSequence
LogPluginManager: Mounting plugin LevelSequenceEditor
LogPluginManager: Mounting plugin MatineeToLevelSequence
LogPluginManager: Mounting plugin NetcodeUnitTest
LogPluginManager: Mounting plugin NUTUnrealEngine4
LogPluginManager: Mounting plugin OnlineSubsystemGooglePlay
LogPluginManager: Mounting plugin OnlineSubsystemIOS
LogPluginManager: Mounting plugin OnlineSubsystem
LogPluginManager: Mounting plugin OnlineSubsystemNull
LogPluginManager: Mounting plugin OnlineSubsystemUtils
LogPluginManager: Mounting plugin LauncherChunkInstaller
LogPluginManager: Mounting plugin AndroidDeviceProfileSelector
LogPluginManager: Mounting plugin AndroidMoviePlayer
LogPluginManager: Mounting plugin AndroidPermission
LogPluginManager: Mounting plugin AppleMoviePlayer
LogPluginManager: Mounting plugin ArchVisCharacter
LogPluginManager: Mounting plugin AudioCapture
LogPluginManager: Mounting plugin CableComponent
LogPluginManager: Mounting plugin CustomMeshComponent
LogPluginManager: Mounting plugin EditableMesh
LogPluginManager: Mounting plugin ExampleDeviceProfileSelector
LogPluginManager: Mounting plugin Firebase
LogPluginManager: Mounting plugin GoogleCloudMessaging
LogPluginManager: Mounting plugin IOSDeviceProfileSelector
LogPluginManager: Mounting plugin LinuxDeviceProfileSelector
LogPluginManager: Mounting plugin LocationServicesBPLibrary
LogPluginManager: Mounting plugin MobilePatchingUtils
LogPluginManager: Mounting plugin OculusVR
LogPluginManager: Mounting plugin PhysXVehicles
LogPluginManager: Mounting plugin ProceduralMeshComponent
LogPluginManager: Mounting plugin RuntimePhysXCooking
LogPluginManager: Mounting plugin SignificanceManager
LogPluginManager: Mounting plugin SteamVR
LogPluginManager: Mounting plugin WebMMoviePlayer
LogPluginManager: Mounting plugin WindowsMoviePlayer
LogInit: Using libcurl 7.55.1-DEV
LogInit:  - built for x86_64-pc-win32
LogInit:  - supports SSL with OpenSSL/1.1.1
LogInit:  - supports HTTP deflate (compression) using libz 1.2.8
LogInit:  - other features:
LogInit:      CURL_VERSION_SSL
LogInit:      CURL_VERSION_LIBZ
LogInit:      CURL_VERSION_IPV6
LogInit:      CURL_VERSION_ASYNCHDNS
LogInit:      CURL_VERSION_LARGEFILE
LogInit:      CURL_VERSION_IDN
LogInit:  CurlRequestOptions (configurable via config and command line):
LogInit:  - bVerifyPeer = true  - Libcurl will verify peer certificate
LogInit:  - bUseHttpProxy = false  - Libcurl will NOT use HTTP proxy
LogInit:  - bDontReuseConnections = false  - Libcurl will reuse connections
LogInit:  - MaxHostConnections = 16  - Libcurl will limit the number of connections to a host
LogInit:  - LocalHostAddr = Default
LogInit:  - BufferSize = 65536
LogInit: WinSock: version 1.1 (2.2), MaxSocks=32767, MaxUdp=65467
LogInit: Build: ++UE4+Release-4.22-CL-7053642
LogInit: Engine Version: 4.22.3-7053642+++UE4+Release-4.22
LogInit: Compatible Engine Version: 4.22.0-5660361+++UE4+Release-4.22
LogInit: Net CL: 5660361
LogInit: OS: Windows 10 (Release 2009) (), CPU: AMD Ryzen 7 3750H with Radeon Vega Mobile Gfx  , GPU: AMD Radeon(TM) RX Vega 10 Graphics
LogInit: Compiled (64-bit): Jun 18 2019 03:09:11
LogInit: Compiled with Visual C++: 19.16.27025.01
LogInit: Build Configuration: Development
LogInit: Branch Name: ++UE4+Release-4.22
LogInit: Command Line:  /Game/NewWorld -game -PIEVIACONSOLE -ResX=1280 -ResY=720 -Multiprocess -messaging -SessionName="Play in Standalone Game" -windowed
LogInit: Base Directory: D:/EPIC GAMEs/UNREAL ENGINE/UE_4.22/Engine/Binaries/Win64/
LogInit: Installed Engine Build: 1
LogDevObjectVersion: Number of dev versions registered: 23
LogDevObjectVersion:   Dev-Blueprints (B0D832E4-1F89-4F0D-ACCF-7EB736FD4AA2): 10
LogDevObjectVersion:   Dev-Build (E1C64328-A22C-4D53-A36C-8E866417BD8C): 0
LogDevObjectVersion:   Dev-Core (375EC13C-06E4-48FB-B500-84F0262A717E): 3
LogDevObjectVersion:   Dev-Editor (E4B068ED-F494-42E9-A231-DA0B2E46BB41): 30
LogDevObjectVersion:   Dev-Framework (CFFC743F-43B0-4480-9391-14DF171D2073): 35
LogDevObjectVersion:   Dev-Mobile (B02B49B5-BB20-44E9-A304-32B752E40360): 2
LogDevObjectVersion:   Dev-Networking (A4E4105C-59A1-49B5-A7C5-40C4547EDFEE): 0
LogDevObjectVersion:   Dev-Online (39C831C9-5AE6-47DC-9A44-9C173E1C8E7C): 0
LogDevObjectVersion:   Dev-Physics (78F01B33-EBEA-4F98-B9B4-84EACCB95AA2): 0
LogDevObjectVersion:   Dev-Platform (6631380F-2D4D-43E0-8009-CF276956A95A): 0
LogDevObjectVersion:   Dev-Rendering (12F88B9F-8875-4AFC-A67C-D90C383ABD29): 28
LogDevObjectVersion:   Dev-Sequencer (7B5AE74C-D270-4C10-A958-57980B212A5A): 11
LogDevObjectVersion:   Dev-VR (D7296918-1DD6-4BDD-9DE2-64A83CC13884): 2
LogDevObjectVersion:   Dev-LoadTimes (C2A15278-BFE7-4AFE-6C17-90FF531DF755): 1
LogDevObjectVersion:   Private-Geometry (6EACA3D4-40EC-4CC1-B786-8BED09428FC5): 3
LogDevObjectVersion:   Dev-AnimPhys (29E575DD-E0A3-4627-9D10-D276232CDCEA): 17
LogDevObjectVersion:   Dev-Anim (AF43A65D-7FD3-4947-9873-3E8ED9C1BB05): 2
LogDevObjectVersion:   Dev-ReflectionCapture (6B266CEC-1EC7-4B8F-A30B-E4D90942FC07): 1
LogDevObjectVersion:   Dev-Automation (0DF73D61-A23F-47EA-B727-89E90C41499A): 1
LogDevObjectVersion:   FortniteMain (601D1886-AC64-4F84-AA16-D3DE0DEAC7D6): 25
LogDevObjectVersion:   Dev-Enterprise (9DFFBCD6-494F-0158-E221-12823C92A888): 6
LogDevObjectVersion:   Dev-Niagara (F2AED0AC-9AFE-416F-8664-AA7FFA26D6FC): 1
LogDevObjectVersion:   Dev-Destruction (174F1F0B-B4C6-45A5-B13F-2EE8D0FB917D): 2
LogInit: Presizing for max 16777216 objects, including 0 objects not considered by GC, pre-allocating 0 bytes for permanent pool.
LogInit: Object subsystem initialized
LogConfig: Setting CVar [[con.DebugEarlyDefault:1]]
LogConfig: Setting CVar [[r.setres:1280x720]]
[2021.08.14-00.30.06:300][  0]LogConfig: Setting CVar [[con.DebugEarlyDefault:1]]
[2021.08.14-00.30.06:300][  0]LogConfig: Setting CVar [[r.setres:1280x720]]
[2021.08.14-00.30.06:300][  0]LogConfig: Applying CVar settings from Section [/Script/Engine.RendererSettings] File [D:/7to Semestre/MOTORES COMERCIALES/PROYECTOS UNREAL/PRIMEROS PASOS/PRIMEROS_PASOS/Saved/Config/Windows/Engine.ini]
[2021.08.14-00.30.06:300][  0]LogConfig: Setting CVar [[r.GPUCrashDebugging:0]]
[2021.08.14-00.30.06:300][  0]LogConfig: Applying CVar settings from Section [/Script/Engine.RendererOverrideSettings] File [D:/7to Semestre/MOTORES COMERCIALES/PROYECTOS UNREAL/PRIMEROS PASOS/PRIMEROS_PASOS/Saved/Config/Windows/Engine.ini]
[2021.08.14-00.30.06:300][  0]LogConfig: Applying CVar settings from Section [/Script/Engine.StreamingSettings] File [D:/7to Semestre/MOTORES COMERCIALES/PROYECTOS UNREAL/PRIMEROS PASOS/PRIMEROS_PASOS/Saved/Config/Windows/Engine.ini]
[2021.08.14-00.30.06:300][  0]LogConfig: Setting CVar [[s.MinBulkDataSizeForAsyncLoading:131072]]
[2021.08.14-00.30.06:300][  0]LogConfig: Setting CVar [[s.AsyncLoadingThreadEnabled:0]]
[2021.08.14-00.30.06:300][  0]LogConfig: Setting CVar [[s.EventDrivenLoaderEnabled:1]]
[2021.08.14-00.30.06:300][  0]LogConfig: Setting CVar [[s.WarnIfTimeLimitExceeded:0]]
[2021.08.14-00.30.06:300][  0]LogConfig: Setting CVar [[s.TimeLimitExceededMultiplier:1.5]]
[2021.08.14-00.30.06:300][  0]LogConfig: Setting CVar [[s.TimeLimitExceededMinTime:0.005]]
[2021.08.14-00.30.06:300][  0]LogConfig: Setting CVar [[s.UseBackgroundLevelStreaming:1]]
[2021.08.14-00.30.06:300][  0]LogConfig: Setting CVar [[s.PriorityAsyncLoadingExtraTime:15.0]]
[2021.08.14-00.30.06:300][  0]LogConfig: Setting CVar [[s.LevelStreamingActorsUpdateTimeLimit:5.0]]
[2021.08.14-00.30.06:300][  0]LogConfig: Setting CVar [[s.PriorityLevelStreamingActorsUpdateExtraTime:5.0]]
[2021.08.14-00.30.06:300][  0]LogConfig: Setting CVar [[s.LevelStreamingComponentsRegistrationGranularity:10]]
[2021.08.14-00.30.06:301][  0]LogConfig: Setting CVar [[s.UnregisterComponentsTimeLimit:1.0]]
[2021.08.14-00.30.06:301][  0]LogConfig: Setting CVar [[s.LevelStreamingComponentsUnregistrationGranularity:5]]
[2021.08.14-00.30.06:301][  0]LogConfig: Applying CVar settings from Section [/Script/Engine.GarbageCollectionSettings] File [D:/7to Semestre/MOTORES COMERCIALES/PROYECTOS UNREAL/PRIMEROS PASOS/PRIMEROS_PASOS/Saved/Config/Windows/Engine.ini]
[2021.08.14-00.30.06:301][  0]LogConfig: Setting CVar [[gc.MaxObjectsNotConsideredByGC:1]]
[2021.08.14-00.30.06:301][  0]LogConfig: Setting CVar [[gc.SizeOfPermanentObjectPool:0]]
[2021.08.14-00.30.06:301][  0]LogConfig: Setting CVar [[gc.FlushStreamingOnGC:0]]
[2021.08.14-00.30.06:301][  0]LogConfig: Setting CVar [[gc.NumRetriesBeforeForcingGC:10]]
[2021.08.14-00.30.06:301][  0]LogConfig: Setting CVar [[gc.AllowParallelGC:1]]
[2021.08.14-00.30.06:301][  0]LogConfig: Setting CVar [[gc.TimeBetweenPurgingPendingKillObjects:61.1]]
[2021.08.14-00.30.06:301][  0]LogConfig: Setting CVar [[gc.MaxObjectsInEditor:16777216]]
[2021.08.14-00.30.06:301][  0]LogConfig: Setting CVar [[gc.IncrementalBeginDestroyEnabled:1]]
[2021.08.14-00.30.06:301][  0]LogConfig: Setting CVar [[gc.CreateGCClusters:1]]
[2021.08.14-00.30.06:301][  0]LogConfig: Setting CVar [[gc.MinGCClusterSize:5]]
[2021.08.14-00.30.06:301][  0]LogConfig: Setting CVar [[gc.ActorClusteringEnabled:0]]
[2021.08.14-00.30.06:301][  0]LogConfig: Setting CVar [[gc.BlueprintClusteringEnabled:0]]
[2021.08.14-00.30.06:301][  0]LogConfig: Setting CVar [[gc.UseDisregardForGCOnDedicatedServers:0]]
[2021.08.14-00.30.06:301][  0]LogConfig: Applying CVar settings from Section [/Script/Engine.NetworkSettings] File [D:/7to Semestre/MOTORES COMERCIALES/PROYECTOS UNREAL/PRIMEROS PASOS/PRIMEROS_PASOS/Saved/Config/Windows/Engine.ini]
[2021.08.14-00.30.06:301][  0]LogConfig: Applying CVar settings from Section [/Script/UnrealEd.CookerSettings] File [D:/7to Semestre/MOTORES COMERCIALES/PROYECTOS UNREAL/PRIMEROS PASOS/PRIMEROS_PASOS/Saved/Config/Windows/Engine.ini]
[2021.08.14-00.30.06:305][  0]LogConfig: Applying CVar settings from Section [ViewDistanceQuality@3] File [D:/7to Semestre/MOTORES COMERCIALES/PROYECTOS UNREAL/PRIMEROS PASOS/PRIMEROS_PASOS/Saved/Config/Windows/Scalability.ini]
[2021.08.14-00.30.06:305][  0]LogConfig: Setting CVar [[r.SkeletalMeshLODBias:0]]
[2021.08.14-00.30.06:305][  0]LogConfig: Setting CVar [[r.ViewDistanceScale:1.0]]
[2021.08.14-00.30.06:305][  0]LogConfig: Applying CVar settings from Section [AntiAliasingQuality@3] File [D:/7to Semestre/MOTORES COMERCIALES/PROYECTOS UNREAL/PRIMEROS PASOS/PRIMEROS_PASOS/Saved/Config/Windows/Scalability.ini]
[2021.08.14-00.30.06:305][  0]LogConfig: Setting CVar [[r.PostProcessAAQuality:4]]
[2021.08.14-00.30.06:305][  0]LogConfig: Applying CVar settings from Section [ShadowQuality@3] File [D:/7to Semestre/MOTORES COMERCIALES/PROYECTOS UNREAL/PRIMEROS PASOS/PRIMEROS_PASOS/Saved/Config/Windows/Scalability.ini]
[2021.08.14-00.30.06:305][  0]LogConfig: Setting CVar [[r.LightFunctionQuality:1]]
[2021.08.14-00.30.06:305][  0]LogConfig: Setting CVar [[r.ShadowQuality:5]]
[2021.08.14-00.30.06:305][  0]LogConfig: Setting CVar [[r.Shadow.CSM.MaxCascades:10]]
[2021.08.14-00.30.06:305][  0]LogConfig: Setting CVar [[r.Shadow.MaxResolution:2048]]
[2021.08.14-00.30.06:305][  0]LogConfig: Setting CVar [[r.Shadow.MaxCSMResolution:2048]]
[2021.08.14-00.30.06:305][  0]LogConfig: Setting CVar [[r.Shadow.RadiusThreshold:0.01]]
[2021.08.14-00.30.06:305][  0]LogConfig: Setting CVar [[r.Shadow.DistanceScale:1.0]]
[2021.08.14-00.30.06:305][  0]LogConfig: Setting CVar [[r.Shadow.CSM.TransitionScale:1.0]]
[2021.08.14-00.30.06:305][  0]LogConfig: Setting CVar [[r.Shadow.PreShadowResolutionFactor:1.0]]
[2021.08.14-00.30.06:305][  0]LogConfig: Setting CVar [[r.DistanceFieldShadowing:1]]
[2021.08.14-00.30.06:305][  0]LogConfig: Setting CVar [[r.DistanceFieldAO:1]]
[2021.08.14-00.30.06:305][  0]LogConfig: Setting CVar [[r.AOQuality:2]]
[2021.08.14-00.30.06:305][  0]LogConfig: Setting CVar [[r.VolumetricFog:1]]
[2021.08.14-00.30.06:305][  0]LogConfig: Setting CVar [[r.VolumetricFog.GridPixelSize:8]]
[2021.08.14-00.30.06:305][  0]LogConfig: Setting CVar [[r.VolumetricFog.GridSizeZ:128]]
[2021.08.14-00.30.06:305][  0]LogConfig: Setting CVar [[r.VolumetricFog.HistoryMissSupersampleCount:4]]
[2021.08.14-00.30.06:305][  0]LogConfig: Setting CVar [[r.LightMaxDrawDistanceScale:1]]
[2021.08.14-00.30.06:305][  0]LogConfig: Setting CVar [[r.CapsuleShadows:1]]
[2021.08.14-00.30.06:305][  0]LogConfig: Applying CVar settings from Section [PostProcessQuality@3] File [D:/7to Semestre/MOTORES COMERCIALES/PROYECTOS UNREAL/PRIMEROS PASOS/PRIMEROS_PASOS/Saved/Config/Windows/Scalability.ini]
[2021.08.14-00.30.06:305][  0]LogConfig: Setting CVar [[r.MotionBlurQuality:4]]
[2021.08.14-00.30.06:305][  0]LogConfig: Setting CVar [[r.AmbientOcclusionMipLevelFactor:0.4]]
[2021.08.14-00.30.06:305][  0]LogConfig: Setting CVar [[r.AmbientOcclusionMaxQuality:100]]
[2021.08.14-00.30.06:306][  0]LogConfig: Setting CVar [[r.AmbientOcclusionLevels:-1]]
[2021.08.14-00.30.06:306][  0]LogConfig: Setting CVar [[r.AmbientOcclusionRadiusScale:1.0]]
[2021.08.14-00.30.06:306][  0]LogConfig: Setting CVar [[r.DepthOfFieldQuality:2]]
[2021.08.14-00.30.06:306][  0]LogConfig: Setting CVar [[r.RenderTargetPoolMin:400]]
[2021.08.14-00.30.06:306][  0]LogConfig: Setting CVar [[r.LensFlareQuality:2]]
[2021.08.14-00.30.06:306][  0]LogConfig: Setting CVar [[r.SceneColorFringeQuality:1]]
[2021.08.14-00.30.06:306][  0]LogConfig: Setting CVar [[r.EyeAdaptationQuality:2]]
[2021.08.14-00.30.06:306][  0]LogConfig: Setting CVar [[r.BloomQuality:5]]
[2021.08.14-00.30.06:306][  0]LogConfig: Setting CVar [[r.FastBlurThreshold:100]]
[2021.08.14-00.30.06:306][  0]LogConfig: Setting CVar [[r.Upscale.Quality:3]]
[2021.08.14-00.30.06:306][  0]LogConfig: Setting CVar [[r.Tonemapper.GrainQuantization:1]]
[2021.08.14-00.30.06:306][  0]LogConfig: Setting CVar [[r.LightShaftQuality:1]]
[2021.08.14-00.30.06:306][  0]LogConfig: Setting CVar [[r.Filter.SizeScale:1]]
[2021.08.14-00.30.06:306][  0]LogConfig: Setting CVar [[r.Tonemapper.Quality:5]]
[2021.08.14-00.30.06:306][  0]LogConfig: Setting CVar [[r.DOF.Gather.AccumulatorQuality:1        ; higher gathering accumulator quality]]
[2021.08.14-00.30.06:306][  0]LogConfig: Setting CVar [[r.DOF.Gather.PostfilterMethod:1          ; Median3x3 postfilering method]]
[2021.08.14-00.30.06:306][  0]LogConfig: Setting CVar [[r.DOF.Gather.EnableBokehSettings:0       ; no bokeh simulation when gathering]]
[2021.08.14-00.30.06:306][  0]LogConfig: Setting CVar [[r.DOF.Gather.RingCount:4                 ; medium number of samples when gathering]]
[2021.08.14-00.30.06:306][  0]LogConfig: Setting CVar [[r.DOF.Scatter.ForegroundCompositing:1    ; additive foreground scattering]]
[2021.08.14-00.30.06:306][  0]LogConfig: Setting CVar [[r.DOF.Scatter.BackgroundCompositing:2    ; additive background scattering]]
[2021.08.14-00.30.06:306][  0]LogConfig: Setting CVar [[r.DOF.Scatter.EnableBokehSettings:1      ; bokeh simulation when scattering]]
[2021.08.14-00.30.06:306][  0]LogConfig: Setting CVar [[r.DOF.Scatter.MaxSpriteRatio:0.1         ; only a maximum of 10% of scattered bokeh]]
[2021.08.14-00.30.06:306][  0]LogConfig: Setting CVar [[r.DOF.Recombine.Quality:1                ; cheap slight out of focus]]
[2021.08.14-00.30.06:306][  0]LogConfig: Setting CVar [[r.DOF.Recombine.EnableBokehSettings:0    ; no bokeh simulation on slight out of focus]]
[2021.08.14-00.30.06:306][  0]LogConfig: Setting CVar [[r.DOF.TemporalAAQuality:1                ; more stable temporal accumulation]]
[2021.08.14-00.30.06:306][  0]LogConfig: Setting CVar [[r.DOF.Kernel.MaxForegroundRadius:0.025]]
[2021.08.14-00.30.06:306][  0]LogConfig: Setting CVar [[r.DOF.Kernel.MaxBackgroundRadius:0.025]]
[2021.08.14-00.30.06:306][  0]LogConfig: Applying CVar settings from Section [TextureQuality@3] File [D:/7to Semestre/MOTORES COMERCIALES/PROYECTOS UNREAL/PRIMEROS PASOS/PRIMEROS_PASOS/Saved/Config/Windows/Scalability.ini]
[2021.08.14-00.30.06:306][  0]LogConfig: Setting CVar [[r.Streaming.MipBias:0]]
[2021.08.14-00.30.06:306][  0]LogConfig: Setting CVar [[r.Streaming.AmortizeCPUToGPUCopy:0]]
[2021.08.14-00.30.06:306][  0]LogConfig: Setting CVar [[r.Streaming.MaxNumTexturesToStreamPerFrame:0]]
[2021.08.14-00.30.06:306][  0]LogConfig: Setting CVar [[r.Streaming.Boost:1]]
[2021.08.14-00.30.06:306][  0]LogConfig: Setting CVar [[r.MaxAnisotropy:8]]
[2021.08.14-00.30.06:306][  0]LogConfig: Setting CVar [[r.Streaming.LimitPoolSizeToVRAM:0]]
[2021.08.14-00.30.06:306][  0]LogConfig: Setting CVar [[r.Streaming.PoolSize:1000]]
[2021.08.14-00.30.06:306][  0]LogConfig: Setting CVar [[r.Streaming.MaxEffectiveScreenSize:0]]
[2021.08.14-00.30.06:306][  0]LogConfig: Applying CVar settings from Section [EffectsQuality@3] File [D:/7to Semestre/MOTORES COMERCIALES/PROYECTOS UNREAL/PRIMEROS PASOS/PRIMEROS_PASOS/Saved/Config/Windows/Scalability.ini]
[2021.08.14-00.30.06:306][  0]LogConfig: Setting CVar [[r.TranslucencyLightingVolumeDim:64]]
[2021.08.14-00.30.06:306][  0]LogConfig: Setting CVar [[r.RefractionQuality:2]]
[2021.08.14-00.30.06:306][  0]LogConfig: Setting CVar [[r.SSR.Quality:3]]
[2021.08.14-00.30.06:306][  0]LogConfig: Setting CVar [[r.SceneColorFormat:4]]
[2021.08.14-00.30.06:306][  0]LogConfig: Setting CVar [[r.DetailMode:2]]
[2021.08.14-00.30.06:306][  0]LogConfig: Setting CVar [[r.TranslucencyVolumeBlur:1]]
[2021.08.14-00.30.06:306][  0]LogConfig: Setting CVar [[r.MaterialQualityLevel:1 ; High quality]]
[2021.08.14-00.30.06:306][  0]LogConfig: Setting CVar [[r.SSS.Scale:1]]
[2021.08.14-00.30.06:306][  0]LogConfig: Setting CVar [[r.SSS.SampleSet:2]]
[2021.08.14-00.30.06:306][  0]LogConfig: Setting CVar [[r.SSS.Quality:1]]
[2021.08.14-00.30.06:306][  0]LogConfig: Setting CVar [[r.SSS.HalfRes:1]]
[2021.08.14-00.30.06:306][  0]LogConfig: Setting CVar [[r.EmitterSpawnRateScale:1.0]]
[2021.08.14-00.30.06:306][  0]LogConfig: Setting CVar [[r.ParticleLightQuality:2]]
[2021.08.14-00.30.06:306][  0]LogConfig: Applying CVar settings from Section [FoliageQuality@3] File [D:/7to Semestre/MOTORES COMERCIALES/PROYECTOS UNREAL/PRIMEROS PASOS/PRIMEROS_PASOS/Saved/Config/Windows/Scalability.ini]
[2021.08.14-00.30.06:306][  0]LogConfig: Setting CVar [[foliage.DensityScale:1.0]]
[2021.08.14-00.30.06:306][  0]LogConfig: Setting CVar [[grass.DensityScale:1.0]]
[2021.08.14-00.30.06:306][  0]LogInit: Selected Device Profile: [Windows]
[2021.08.14-00.30.06:306][  0]LogInit: Applying CVar settings loaded from the selected device profile: [Windows]
[2021.08.14-00.30.06:322][  0]LogHAL: Display: Platform has ~ 16 GB [16978206720 / 17179869184 / 16], which maps to Larger [LargestMinGB=32, LargerMinGB=12, DefaultMinGB=8, SmallerMinGB=6, SmallestMinGB=0)
[2021.08.14-00.30.06:323][  0]LogConfig: Setting CVar [[r.Vulkan.UseRealUBs:0		; Required until we fix HLR fall-out]]
[2021.08.14-00.30.06:323][  0]LogInit: Going up to parent DeviceProfile []
[2021.08.14-00.30.06:323][  0]LogConfig: Applying CVar settings from Section [ViewDistanceQuality@3] File [D:/7to Semestre/MOTORES COMERCIALES/PROYECTOS UNREAL/PRIMEROS PASOS/PRIMEROS_PASOS/Saved/Config/Windows/Scalability.ini]
[2021.08.14-00.30.06:323][  0]LogConfig: Setting CVar [[r.SkeletalMeshLODBias:0]]
[2021.08.14-00.30.06:323][  0]LogConfig: Setting CVar [[r.ViewDistanceScale:1.0]]
[2021.08.14-00.30.06:323][  0]LogConfig: Applying CVar settings from Section [AntiAliasingQuality@3] File [D:/7to Semestre/MOTORES COMERCIALES/PROYECTOS UNREAL/PRIMEROS PASOS/PRIMEROS_PASOS/Saved/Config/Windows/Scalability.ini]
[2021.08.14-00.30.06:323][  0]LogConfig: Setting CVar [[r.PostProcessAAQuality:4]]
[2021.08.14-00.30.06:323][  0]LogConfig: Applying CVar settings from Section [ShadowQuality@3] File [D:/7to Semestre/MOTORES COMERCIALES/PROYECTOS UNREAL/PRIMEROS PASOS/PRIMEROS_PASOS/Saved/Config/Windows/Scalability.ini]
[2021.08.14-00.30.06:323][  0]LogConfig: Setting CVar [[r.LightFunctionQuality:1]]
[2021.08.14-00.30.06:323][  0]LogConfig: Setting CVar [[r.ShadowQuality:5]]
[2021.08.14-00.30.06:323][  0]LogConfig: Setting CVar [[r.Shadow.CSM.MaxCascades:10]]
[2021.08.14-00.30.06:323][  0]LogConfig: Setting CVar [[r.Shadow.MaxResolution:2048]]
[2021.08.14-00.30.06:323][  0]LogConfig: Setting CVar [[r.Shadow.MaxCSMResolution:2048]]
[2021.08.14-00.30.06:323][  0]LogConfig: Setting CVar [[r.Shadow.RadiusThreshold:0.01]]
[2021.08.14-00.30.06:323][  0]LogConfig: Setting CVar [[r.Shadow.DistanceScale:1.0]]
[2021.08.14-00.30.06:323][  0]LogConfig: Setting CVar [[r.Shadow.CSM.TransitionScale:1.0]]
[2021.08.14-00.30.06:323][  0]LogConfig: Setting CVar [[r.Shadow.PreShadowResolutionFactor:1.0]]
[2021.08.14-00.30.06:323][  0]LogConfig: Setting CVar [[r.DistanceFieldShadowing:1]]
[2021.08.14-00.30.06:323][  0]LogConfig: Setting CVar [[r.DistanceFieldAO:1]]
[2021.08.14-00.30.06:323][  0]LogConfig: Setting CVar [[r.AOQuality:2]]
[2021.08.14-00.30.06:323][  0]LogConfig: Setting CVar [[r.VolumetricFog:1]]
[2021.08.14-00.30.06:323][  0]LogConfig: Setting CVar [[r.VolumetricFog.GridPixelSize:8]]
[2021.08.14-00.30.06:323][  0]LogConfig: Setting CVar [[r.VolumetricFog.GridSizeZ:128]]
[2021.08.14-00.30.06:323][  0]LogConfig: Setting CVar [[r.VolumetricFog.HistoryMissSupersampleCount:4]]
[2021.08.14-00.30.06:323][  0]LogConfig: Setting CVar [[r.LightMaxDrawDistanceScale:1]]
[2021.08.14-00.30.06:323][  0]LogConfig: Setting CVar [[r.CapsuleShadows:1]]
[2021.08.14-00.30.06:323][  0]LogConfig: Applying CVar settings from Section [PostProcessQuality@3] File [D:/7to Semestre/MOTORES COMERCIALES/PROYECTOS UNREAL/PRIMEROS PASOS/PRIMEROS_PASOS/Saved/Config/Windows/Scalability.ini]
[2021.08.14-00.30.06:323][  0]LogConfig: Setting CVar [[r.MotionBlurQuality:4]]
[2021.08.14-00.30.06:324][  0]LogConfig: Setting CVar [[r.AmbientOcclusionMipLevelFactor:0.4]]
[2021.08.14-00.30.06:324][  0]LogConfig: Setting CVar [[r.AmbientOcclusionMaxQuality:100]]
[2021.08.14-00.30.06:324][  0]LogConfig: Setting CVar [[r.AmbientOcclusionLevels:-1]]
[2021.08.14-00.30.06:324][  0]LogConfig: Setting CVar [[r.AmbientOcclusionRadiusScale:1.0]]
[2021.08.14-00.30.06:324][  0]LogConfig: Setting CVar [[r.DepthOfFieldQuality:2]]
[2021.08.14-00.30.06:324][  0]LogConfig: Setting CVar [[r.RenderTargetPoolMin:400]]
[2021.08.14-00.30.06:324][  0]LogConfig: Setting CVar [[r.LensFlareQuality:2]]
[2021.08.14-00.30.06:324][  0]LogConfig: Setting CVar [[r.SceneColorFringeQuality:1]]
[2021.08.14-00.30.06:324][  0]LogConfig: Setting CVar [[r.EyeAdaptationQuality:2]]
[2021.08.14-00.30.06:324][  0]LogConfig: Setting CVar [[r.BloomQuality:5]]
[2021.08.14-00.30.06:324][  0]LogConfig: Setting CVar [[r.FastBlurThreshold:100]]
[2021.08.14-00.30.06:324][  0]LogConfig: Setting CVar [[r.Upscale.Quality:3]]
[2021.08.14-00.30.06:324][  0]LogConfig: Setting CVar [[r.Tonemapper.GrainQuantization:1]]
[2021.08.14-00.30.06:324][  0]LogConfig: Setting CVar [[r.LightShaftQuality:1]]
[2021.08.14-00.30.06:324][  0]LogConfig: Setting CVar [[r.Filter.SizeScale:1]]
[2021.08.14-00.30.06:324][  0]LogConfig: Setting CVar [[r.Tonemapper.Quality:5]]
[2021.08.14-00.30.06:324][  0]LogConfig: Setting CVar [[r.DOF.Gather.AccumulatorQuality:1        ; higher gathering accumulator quality]]
[2021.08.14-00.30.06:324][  0]LogConfig: Setting CVar [[r.DOF.Gather.PostfilterMethod:1          ; Median3x3 postfilering method]]
[2021.08.14-00.30.06:324][  0]LogConfig: Setting CVar [[r.DOF.Gather.EnableBokehSettings:0       ; no bokeh simulation when gathering]]
[2021.08.14-00.30.06:324][  0]LogConfig: Setting CVar [[r.DOF.Gather.RingCount:4                 ; medium number of samples when gathering]]
[2021.08.14-00.30.06:324][  0]LogConfig: Setting CVar [[r.DOF.Scatter.ForegroundCompositing:1    ; additive foreground scattering]]
[2021.08.14-00.30.06:324][  0]LogConfig: Setting CVar [[r.DOF.Scatter.BackgroundCompositing:2    ; additive background scattering]]
[2021.08.14-00.30.06:324][  0]LogConfig: Setting CVar [[r.DOF.Scatter.EnableBokehSettings:1      ; bokeh simulation when scattering]]
[2021.08.14-00.30.06:324][  0]LogConfig: Setting CVar [[r.DOF.Scatter.MaxSpriteRatio:0.1         ; only a maximum of 10% of scattered bokeh]]
[2021.08.14-00.30.06:324][  0]LogConfig: Setting CVar [[r.DOF.Recombine.Quality:1                ; cheap slight out of focus]]
[2021.08.14-00.30.06:324][  0]LogConfig: Setting CVar [[r.DOF.Recombine.EnableBokehSettings:0    ; no bokeh simulation on slight out of focus]]
[2021.08.14-00.30.06:324][  0]LogConfig: Setting CVar [[r.DOF.TemporalAAQuality:1                ; more stable temporal accumulation]]
[2021.08.14-00.30.06:324][  0]LogConfig: Setting CVar [[r.DOF.Kernel.MaxForegroundRadius:0.025]]
[2021.08.14-00.30.06:324][  0]LogConfig: Setting CVar [[r.DOF.Kernel.MaxBackgroundRadius:0.025]]
[2021.08.14-00.30.06:324][  0]LogConfig: Applying CVar settings from Section [TextureQuality@3] File [D:/7to Semestre/MOTORES COMERCIALES/PROYECTOS UNREAL/PRIMEROS PASOS/PRIMEROS_PASOS/Saved/Config/Windows/Scalability.ini]
[2021.08.14-00.30.06:324][  0]LogConfig: Setting CVar [[r.Streaming.MipBias:0]]
[2021.08.14-00.30.06:324][  0]LogConfig: Setting CVar [[r.Streaming.AmortizeCPUToGPUCopy:0]]
[2021.08.14-00.30.06:324][  0]LogConfig: Setting CVar [[r.Streaming.MaxNumTexturesToStreamPerFrame:0]]
[2021.08.14-00.30.06:324][  0]LogConfig: Setting CVar [[r.Streaming.Boost:1]]
[2021.08.14-00.30.06:324][  0]LogConfig: Setting CVar [[r.MaxAnisotropy:8]]
[2021.08.14-00.30.06:325][  0]LogConfig: Setting CVar [[r.Streaming.LimitPoolSizeToVRAM:0]]
[2021.08.14-00.30.06:325][  0]LogConfig: Setting CVar [[r.Streaming.PoolSize:1000]]
[2021.08.14-00.30.06:325][  0]LogConfig: Setting CVar [[r.Streaming.MaxEffectiveScreenSize:0]]
[2021.08.14-00.30.06:325][  0]LogConfig: Applying CVar settings from Section [EffectsQuality@3] File [D:/7to Semestre/MOTORES COMERCIALES/PROYECTOS UNREAL/PRIMEROS PASOS/PRIMEROS_PASOS/Saved/Config/Windows/Scalability.ini]
[2021.08.14-00.30.06:325][  0]LogConfig: Setting CVar [[r.TranslucencyLightingVolumeDim:64]]
[2021.08.14-00.30.06:325][  0]LogConfig: Setting CVar [[r.RefractionQuality:2]]
[2021.08.14-00.30.06:325][  0]LogConfig: Setting CVar [[r.SSR.Quality:3]]
[2021.08.14-00.30.06:325][  0]LogConfig: Setting CVar [[r.SceneColorFormat:4]]
[2021.08.14-00.30.06:325][  0]LogConfig: Setting CVar [[r.DetailMode:2]]
[2021.08.14-00.30.06:325][  0]LogConfig: Setting CVar [[r.TranslucencyVolumeBlur:1]]
[2021.08.14-00.30.06:325][  0]LogConfig: Setting CVar [[r.MaterialQualityLevel:1 ; High quality]]
[2021.08.14-00.30.06:325][  0]LogConfig: Setting CVar [[r.SSS.Scale:1]]
[2021.08.14-00.30.06:325][  0]LogConfig: Setting CVar [[r.SSS.SampleSet:2]]
[2021.08.14-00.30.06:325][  0]LogConfig: Setting CVar [[r.SSS.Quality:1]]
[2021.08.14-00.30.06:325][  0]LogConfig: Setting CVar [[r.SSS.HalfRes:1]]
[2021.08.14-00.30.06:325][  0]LogConfig: Setting CVar [[r.EmitterSpawnRateScale:1.0]]
[2021.08.14-00.30.06:325][  0]LogConfig: Setting CVar [[r.ParticleLightQuality:2]]
[2021.08.14-00.30.06:325][  0]LogConfig: Applying CVar settings from Section [FoliageQuality@3] File [D:/7to Semestre/MOTORES COMERCIALES/PROYECTOS UNREAL/PRIMEROS PASOS/PRIMEROS_PASOS/Saved/Config/Windows/Scalability.ini]
[2021.08.14-00.30.06:325][  0]LogConfig: Setting CVar [[foliage.DensityScale:1.0]]
[2021.08.14-00.30.06:325][  0]LogConfig: Setting CVar [[grass.DensityScale:1.0]]
[2021.08.14-00.30.06:325][  0]LogConfig: Applying CVar settings from Section [Startup] File [../../../Engine/Config/ConsoleVariables.ini]
[2021.08.14-00.30.06:325][  0]LogConfig: Setting CVar [[net.UseAdaptiveNetUpdateFrequency:0]]
[2021.08.14-00.30.06:326][  0]LogConfig: Setting CVar [[p.chaos.AllowCreatePhysxBodies:1]]
[2021.08.14-00.30.06:326][  0]LogConfig: Applying CVar settings from Section [ConsoleVariables] File [D:/7to Semestre/MOTORES COMERCIALES/PROYECTOS UNREAL/PRIMEROS PASOS/PRIMEROS_PASOS/Saved/Config/Windows/Engine.ini]
[2021.08.14-00.30.06:326][  0]LogInit: Computer: LAPTOP-3G9RJ50V
[2021.08.14-00.30.06:326][  0]LogInit: User: panin
[2021.08.14-00.30.06:326][  0]LogInit: CPU Page size=4096, Cores=4
[2021.08.14-00.30.06:326][  0]LogInit: High frequency timer resolution =10.000000 MHz
[2021.08.14-00.30.06:326][  0]LogMemory: Memory total: Physical=15.8GB (16GB approx)
[2021.08.14-00.30.06:326][  0]LogMemory: Platform Memory Stats for Windows
[2021.08.14-00.30.06:326][  0]LogMemory: Process Physical Memory: 97.79 MB used, 97.80 MB peak
[2021.08.14-00.30.06:326][  0]LogMemory: Process Virtual Memory: 92.54 MB used, 92.54 MB peak
[2021.08.14-00.30.06:326][  0]LogMemory: Physical Memory: 8032.42 MB used,  8159.26 MB free, 16191.68 MB total
[2021.08.14-00.30.06:326][  0]LogMemory: Virtual Memory: 4646.25 MB used,  134213080.00 MB free, 134217728.00 MB total
[2021.08.14-00.30.06:397][  0]LogInit: Using OS detected language (es-ES).
[2021.08.14-00.30.06:397][  0]LogInit: Using OS detected locale (es-MX).
[2021.08.14-00.30.06:399][  0]LogTextLocalizationManager: No specific localization for 'es-ES' exists, so the 'es' localization will be used.
[2021.08.14-00.30.06:540][  0]LogSlate: New Slate User Created.  User Index 0, Is Virtual User: 0
[2021.08.14-00.30.06:540][  0]LogSlate: Slate User Registered.  User Index 0, Is Virtual User: 0
[2021.08.14-00.30.06:589][  0]LogHMD: Failed to initialize OpenVR with code 110
[2021.08.14-00.30.06:589][  0]LogD3D11RHI: D3D11 adapters:
[2021.08.14-00.30.06:808][  0]LogD3D11RHI:    0. 'NVIDIA GeForce RTX 2060' (Feature Level 11_0)
[2021.08.14-00.30.06:808][  0]LogD3D11RHI:       5980/0/8095 MB DedicatedVideo/DedicatedSystem/SharedSystem, Outputs:1, VendorId:0x10de
[2021.08.14-00.30.06:865][  0]LogD3D11RHI:    1. 'AMD Radeon(TM) RX Vega 10 Graphics' (Feature Level 11_0)
[2021.08.14-00.30.06:865][  0]LogD3D11RHI:       113/0/8095 MB DedicatedVideo/DedicatedSystem/SharedSystem, Outputs:0, VendorId:0x1002
[2021.08.14-00.30.06:869][  0]LogD3D11RHI:    2. 'Microsoft Basic Render Driver' (Feature Level 11_0)
[2021.08.14-00.30.06:869][  0]LogD3D11RHI:       0/0/8095 MB DedicatedVideo/DedicatedSystem/SharedSystem, Outputs:0, VendorId:0x1414
[2021.08.14-00.30.06:869][  0]LogD3D11RHI: Chosen D3D11 Adapter: 0
[2021.08.14-00.30.06:879][  0]LogD3D11RHI: Creating new Direct3DDevice
[2021.08.14-00.30.06:880][  0]LogD3D11RHI:     GPU DeviceId: 0x1f11 (for the marketing name, search the web for "GPU Device Id")
[2021.08.14-00.30.06:880][  0]LogWindows: EnumDisplayDevices:
[2021.08.14-00.30.06:880][  0]LogWindows:    0. 'AMD Radeon(TM) RX Vega 10 Graphics' (P:1 D:1)
[2021.08.14-00.30.06:880][  0]LogWindows:    1. 'AMD Radeon(TM) RX Vega 10 Graphics' (P:0 D:0)
[2021.08.14-00.30.06:881][  0]LogWindows:    2. 'AMD Radeon(TM) RX Vega 10 Graphics' (P:0 D:0)
[2021.08.14-00.30.06:881][  0]LogWindows:    3. 'NVIDIA GeForce RTX 2060' (P:0 D:0)
[2021.08.14-00.30.06:881][  0]LogWindows: DebugString: PrimaryIsNotTheChoosenAdapter PrimaryIsNotTheChoosenAdapter PrimaryIsNotTheChoosenAdapter 
[2021.08.14-00.30.06:881][  0]LogD3D11RHI:     Adapter Name: NVIDIA GeForce RTX 2060
[2021.08.14-00.30.06:881][  0]LogD3D11RHI:   Driver Version: 471.11 (internal:30.0.14.7111, unified:471.11)
[2021.08.14-00.30.06:881][  0]LogD3D11RHI:      Driver Date: 6-21-2021
[2021.08.14-00.30.06:881][  0]LogRHI: Texture pool is 4186 MB (70% of 5980 MB)
[2021.08.14-00.30.07:057][  0]LogD3D11RHI: Async texture creation enabled
[2021.08.14-00.30.07:081][  0]LogRendererCore: FGlobalReadBuffer::InitRHI
[2021.08.14-00.30.07:082][  0]LogRendererCore: FGlobalReadBuffer::InitRHI
[2021.08.14-00.30.07:082][  0]LogRendererCore: FGlobalReadBuffer::InitRHI
[2021.08.14-00.30.07:091][  0]LogD3D11RHI: GPU Timing Frequency: 1000.000000 (Debug: 2 1)
[2021.08.14-00.30.07:656][  0]LogTemp: Display: Module 'WindowsClientTargetPlatform' loaded TargetPlatform 'WindowsClient'
[2021.08.14-00.30.07:677][  0]LogTemp: Display: Module 'WindowsNoEditorTargetPlatform' loaded TargetPlatform 'WindowsNoEditor'
[2021.08.14-00.30.07:701][  0]LogTemp: Display: Module 'WindowsServerTargetPlatform' loaded TargetPlatform 'WindowsServer'
[2021.08.14-00.30.07:714][  0]LogTemp: Display: Module 'WindowsTargetPlatform' loaded TargetPlatform 'Windows'
[2021.08.14-00.30.07:714][  0]LogTargetPlatformManager: Display: Building Assets For Windows
[2021.08.14-00.30.07:726][  0]LogAudioDebug: Display: Lib vorbis DLL was dynamically loaded.
[2021.08.14-00.30.07:795][  0]LogShaderCompilers: Guid format shader working directory is -52 characters bigger than the processId version (../../../../../../7to Semestre/MOTORES COMERCIALES/PROYECTOS UNREAL/PRIMEROS PASOS/PRIMEROS_PASOS/Intermediate/Shaders/WorkingDirectory/11596/).
[2021.08.14-00.30.07:796][  0]LogShaderCompilers: Cleaned the shader compiler working directory 'C:/Users/panin/AppData/Local/Temp/UnrealShaderWorkingDir/41D3C23E4A7B2F759EAB6CB70526F4C5/'.
[2021.08.14-00.30.07:798][  0]LogXGEController: Cannot use XGE Controller as Incredibuild is not installed on this machine.
[2021.08.14-00.30.07:798][  0]LogShaderCompilers: Cannot use XGE Shader Compiler as Incredibuild is not installed on this machine.
[2021.08.14-00.30.07:799][  0]LogShaderCompilers: Display: Using Local Shader Compiler.
[2021.08.14-00.30.08:843][  0]LogDerivedDataCache: Display: Max Cache Size: 512 MB
[2021.08.14-00.30.08:956][  0]LogDerivedDataCache: Loaded boot cache 0.11s 73MB C:/Users/panin/AppData/Local/UnrealEngine/4.22/DerivedDataCache/Boot.ddc.
[2021.08.14-00.30.08:956][  0]LogDerivedDataCache: Display: Loaded Boot cache: C:/Users/panin/AppData/Local/UnrealEngine/4.22/DerivedDataCache/Boot.ddc
[2021.08.14-00.30.08:956][  0]LogDerivedDataCache: FDerivedDataBackendGraph:  Pak pak cache file ../../../../../../7to Semestre/MOTORES COMERCIALES/PROYECTOS UNREAL/PRIMEROS PASOS/PRIMEROS_PASOS/DerivedDataCache/DDC.ddp not found, will not use a pak cache.
[2021.08.14-00.30.08:956][  0]LogDerivedDataCache: Unable to find inner node Pak for hierarchical cache Hierarchy.
[2021.08.14-00.30.08:957][  0]LogDerivedDataCache: FDerivedDataBackendGraph:  CompressedPak pak cache file ../../../../../../7to Semestre/MOTORES COMERCIALES/PROYECTOS UNREAL/PRIMEROS PASOS/PRIMEROS_PASOS/DerivedDataCache/Compressed.ddp not found, will not use a pak cache.
[2021.08.14-00.30.08:957][  0]LogDerivedDataCache: Unable to find inner node CompressedPak for hierarchical cache Hierarchy.
[2021.08.14-00.30.08:986][  0]LogDerivedDataCache: Display: Pak cache opened for reading ../../../Engine/DerivedDataCache/Compressed.ddp.
[2021.08.14-00.30.08:987][  0]LogDerivedDataCache: FDerivedDataBackendGraph:  EnterprisePak pak cache file ../../../Enterprise/DerivedDataCache/Compressed.ddp not found, will not use a pak cache.
[2021.08.14-00.30.08:987][  0]LogDerivedDataCache: Unable to find inner node EnterprisePak for hierarchical cache Hierarchy.
[2021.08.14-00.30.09:000][  0]LogDerivedDataCache: Using Local data cache path C:/Users/panin/AppData/Local/UnrealEngine/Common/DerivedDataCache: Writable
[2021.08.14-00.30.09:000][  0]LogDerivedDataCache: Shared data cache path not found in *engine.ini, will not use an Shared cache.
[2021.08.14-00.30.09:000][  0]LogDerivedDataCache: Unable to find inner node Shared for hierarchical cache Hierarchy.
[2021.08.14-00.30.09:037][  0]LogMaterial: Verifying Global Shaders for PCD3D_SM5
[2021.08.14-00.30.09:041][  0]LogSlate: Using FreeType 2.6.0
[2021.08.14-00.30.09:042][  0]LogSlate: SlateFontServices - WITH_FREETYPE: 1, WITH_HARFBUZZ: 1
[2021.08.14-00.30.09:437][  0]LogInit: Using OS detected language (es-ES).
[2021.08.14-00.30.09:437][  0]LogInit: Using OS detected locale (es-MX).
[2021.08.14-00.30.09:437][  0]LogTextLocalizationManager: No localization for 'es-ES' exists, so 'en' will be used for the language.
[2021.08.14-00.30.09:437][  0]LogTextLocalizationManager: No localization for 'es-MX' exists, so 'en' will be used for the locale.
[2021.08.14-00.30.09:438][  0]LogSlate: FontCache flush requested. Reason: Culture for localization was changed
[2021.08.14-00.30.09:438][  0]LogSlate: FontCache flush requested. Reason: Culture for localization was changed
[2021.08.14-00.30.09:458][  0]LogTextLocalizationManager: Compacting localization data took   0.02ms
[2021.08.14-00.30.09:475][  0]LogAssetRegistry: FAssetRegistry took 0.0119 seconds to start up
[2021.08.14-00.30.09:856][  0]LogPackageLocalizationCache: Processed 10 localized package path(s) for 1 prioritized culture(s) in 0.001494 seconds
[2021.08.14-00.30.10:131][  0]LogInit: Selected Device Profile: [Windows]
[2021.08.14-00.30.10:236][  0]LogMeshReduction: Using QuadricMeshReduction for automatic static mesh reduction
[2021.08.14-00.30.10:236][  0]LogMeshReduction: Using SimplygonMeshReduction for automatic skeletal mesh reduction
[2021.08.14-00.30.10:236][  0]LogMeshReduction: Using ProxyLODMeshReduction for automatic mesh merging
[2021.08.14-00.30.10:236][  0]LogMeshReduction: No distributed automatic mesh merging module available
[2021.08.14-00.30.10:236][  0]LogMeshMerging: No distributed automatic mesh merging module available
[2021.08.14-00.30.10:386][  0]LogNetVersion: PRIMEROS_PASOS 1.0.0, NetCL: 5660361, EngineNetVer: 10, GameNetVer: 0 (Checksum: 636427659)
[2021.08.14-00.30.11:349][  0]LogMoviePlayer: Initializing movie player
[2021.08.14-00.30.11:508][  0]LogTcpMessaging: Initializing TcpMessaging bridge
[2021.08.14-00.30.11:522][  0]LogUdpMessaging: Initializing bridge on interface 0.0.0.0:0 to multicast group 230.0.0.1:6666.
[2021.08.14-00.30.11:625][  0]SourceControl: El control de código fuente está desactivado
[2021.08.14-00.30.11:625][  0]SourceControl: El control de código fuente está desactivado
[2021.08.14-00.30.11:628][  0]SourceControl: El control de código fuente está desactivado
[2021.08.14-00.30.11:641][  0]LogVSAccessor: Display: Unable to create Visual Studio setup instance: 80040154
[2021.08.14-00.30.11:642][  0]LogVSAccessor: Display: Unable to create Visual Studio setup instance: 80040154
[2021.08.14-00.30.11:694][  0]LogAndroidPermission: UAndroidPermissionCallbackProxy::GetInstance
[2021.08.14-00.30.11:816][  0]LogOcInput: OculusInput pre-init called
[2021.08.14-00.30.11:833][  0]LogUObjectArray: 46459 objects as part of root set at end of initial load.
[2021.08.14-00.30.11:833][  0]LogUObjectAllocator: 8159704 out of 0 bytes used by permanent object pool.
[2021.08.14-00.30.11:833][  0]LogUObjectArray: CloseDisregardForGC: 0/0 objects in disregard for GC pool
[2021.08.14-00.30.11:986][  0]LogEngine: Initializing Engine...
[2021.08.14-00.30.11:987][  0]LogHMD: Failed to initialize OpenVR with code 110
[2021.08.14-00.30.12:000][  0]LogStats: UGameplayTagsManager::InitializeManager -  0.000 s
[2021.08.14-00.30.12:216][  0]LogInit: Initializing FReadOnlyCVARCache
[2021.08.14-00.30.12:237][  0]LogInit: XAudio2 using 'Altavoces (Realtek(R) Audio)' : 2 channels at 48 kHz using 32 bits per sample (channel mask 0x3)
[2021.08.14-00.30.12:374][  0]LogInit: FAudioDevice initialized.
[2021.08.14-00.30.12:386][  0]LogNetVersion: Set ProjectVersion to 1.0.0.0. Version Checksum will be recalculated on next use.
[2021.08.14-00.30.12:391][  0]LogInit: Texture streaming: Enabled
[2021.08.14-00.30.12:640][  0]LogSlate: Updating window title bar state: overlay mode, drag disabled, window buttons hidden, title bar hidden
[2021.08.14-00.30.12:640][  0]LogInit: Display: Game Engine Initialized.
[2021.08.14-00.30.12:720][  0]LogInit: Display: Starting Game.
[2021.08.14-00.30.12:761][  0]LogNet: Browse: /Game/NewWorld?Name=Player
[2021.08.14-00.30.12:765][  0]LogLoad: LoadMap: /Game/NewWorld?Name=Player
[2021.08.14-00.30.12:791][  0]LogUObjectHash: Compacting FUObjectHashTables data took   2.24ms
[2021.08.14-00.30.13:685][  0]LogAIModule: Creating AISystem for world NewWorld
[2021.08.14-00.30.13:984][  0]LogLoad: Game class is 'ThirdPersonGameMode_C'
[2021.08.14-00.30.14:035][  0]LogMaterial: Warning: Material /Game/StarterContent/Props/Materials/M_Rock.M_Rock missing bUsedWithInstancedStaticMeshes=True! Default Material will be used in game.
[2021.08.14-00.30.14:035][  0]LogMaterial: Warning:      The material will recompile every editor launch until resaved.
[2021.08.14-00.30.14:054][  0]LogWorld: Bringing World /Game/NewWorld.NewWorld up for play (max tick rate 0) at 2021.08.13-19.30.14
[2021.08.14-00.30.14:055][  0]LogWorld: Bringing up level for play took: 0.070327
[2021.08.14-00.30.14:056][  0]LogGameMode: FindPlayerStart: PATHS NOT DEFINED or NO PLAYERSTART with positive rating
[2021.08.14-00.30.14:219][  0]LogSpawn: Warning: SpawnActor failed because of collision at the spawn location [X=0.000 Y=0.000 Z=0.000] for [ThirdPersonCharacter_C]
[2021.08.14-00.30.14:219][  0]LogGameMode: Warning: SpawnDefaultPawnAtTransform: Couldn't spawn Pawn of type ThirdPersonCharacter_C at Rotation: Pitch 0.000000 Yaw 0.000000 Roll 0.000000
Translation: 0.000000 0.000000 0.000000
Scale3D: 1.000000 1.000000 1.000000

[2021.08.14-00.30.14:220][  0]LogLoad: Took 1.454891 seconds to LoadMap(/Game/NewWorld)
[2021.08.14-00.30.14:321][  0]LogRenderer: Reallocating scene render targets to support 1280x720 Format 10 NumSamples 1 (Frame:1).
[2021.08.14-00.30.14:321][  0]LogLoad: (Engine Initialization) Total time: 12.84 seconds
[2021.08.14-00.30.14:321][  0]LogLoad: (Engine Initialization) Total Blueprint compile time: 0.00 seconds
[2021.08.14-00.30.14:703][  0]LogContentStreaming: Texture pool size now 1000 MB
[2021.08.14-00.30.25:263][631]LogSlate: Window 'PRIMEROS_PASOS (64-bit Development PCD3D_SM5) ' being destroyed
[2021.08.14-00.30.25:264][631]LogWindowsTextInputMethodSystem: Display: IME system now deactivated.
[2021.08.14-00.30.25:267][631]LogSlate: Updating window title bar state: overlay mode, drag disabled, window buttons hidden, title bar hidden
[2021.08.14-00.30.25:267][631]LogEngine: All Windows Closed
[2021.08.14-00.30.25:267][631]LogWindows: FPlatformMisc::RequestExit(0)
[2021.08.14-00.30.26:002][632]LogExit: Preparing to exit.
[2021.08.14-00.30.26:002][632]LogMoviePlayer: Shutting down movie player
[2021.08.14-00.30.26:580][632]LogSlate: Updating window title bar state: overlay mode, drag disabled, window buttons hidden, title bar hidden
[2021.08.14-00.30.26:650][632]LogExit: Game engine shut down
[2021.08.14-00.30.26:792][632]LogExit: Object subsystem successfully closed.
[2021.08.14-00.30.26:830][632]LogShaderCompilers: Display: Shaders left to compile 0
[2021.08.14-00.30.26:835][632]LogD3D11RHI: Shutdown
[2021.08.14-00.30.26:835][632]LogD3D11RHI: CleanupD3DDevice
[2021.08.14-00.30.26:954][632]LogRendererCore: FGlobalReadBuffer::ReleaseRHI
[2021.08.14-00.30.26:954][632]LogRendererCore: FGlobalDynamicReadBuffer::Cleanup()
[2021.08.14-00.30.26:954][632]LogRendererCore: FGlobalReadBuffer::ReleaseRHI
[2021.08.14-00.30.26:954][632]LogRendererCore: FGlobalDynamicReadBuffer::Cleanup()
[2021.08.14-00.30.26:954][632]LogRendererCore: FGlobalReadBuffer::ReleaseRHI
[2021.08.14-00.30.26:954][632]LogRendererCore: FGlobalDynamicReadBuffer::Cleanup()
[2021.08.14-00.30.27:110][632]LogD3D11RHI: ~FD3D11DynamicRHI
[2021.08.14-00.30.27:123][632]LogModuleManager: Shutting down and abandoning module SequenceRecorderSections (398)
[2021.08.14-00.30.27:123][632]LogModuleManager: Shutting down and abandoning module SequenceRecorder (396)
[2021.08.14-00.30.27:123][632]LogModuleManager: Shutting down and abandoning module AutomationController (394)
[2021.08.14-00.30.27:123][632]LogModuleManager: Shutting down and abandoning module AutomationWorker (392)
[2021.08.14-00.30.27:123][632]LogModuleManager: Shutting down and abandoning module Voice (390)
[2021.08.14-00.30.27:123][632]LogModuleManager: Shutting down and abandoning module AIModule (388)
[2021.08.14-00.30.27:123][632]LogModuleManager: Shutting down and abandoning module GameplayDebugger (387)
[2021.08.14-00.30.27:123][632]LogModuleManager: Shutting down and abandoning module AITestSuite (385)
[2021.08.14-00.30.27:123][632]LogModuleManager: Shutting down and abandoning module NavigationSystem (383)
[2021.08.14-00.30.27:123][632]LogModuleManager: Shutting down and abandoning module OculusMR (380)
[2021.08.14-00.30.27:123][632]LogModuleManager: Shutting down and abandoning module WmfMediaFactory (378)
[2021.08.14-00.30.27:123][632]LogModuleManager: Shutting down and abandoning module WebMMediaFactory (376)
[2021.08.14-00.30.27:123][632]LogModuleManager: Shutting down and abandoning module WebMMedia (374)
[2021.08.14-00.30.27:123][632]LogModuleManager: Shutting down and abandoning module OpenExrWrapper (372)
[2021.08.14-00.30.27:123][632]LogModuleManager: Shutting down and abandoning module ImgMediaFactory (370)
[2021.08.14-00.30.27:123][632]LogModuleManager: Shutting down and abandoning module AvfMediaFactory (368)
[2021.08.14-00.30.27:123][632]LogModuleManager: Shutting down and abandoning module MagicLeapCameraPreviewFactory (366)
[2021.08.14-00.30.27:124][632]LogModuleManager: Shutting down and abandoning module MagicLeapMediaCodecFactory (364)
[2021.08.14-00.30.27:124][632]LogModuleManager: Shutting down and abandoning module MagicLeapMediaFactory (362)
[2021.08.14-00.30.27:124][632]LogModuleManager: Shutting down and abandoning module CharacterAI (360)
[2021.08.14-00.30.27:124][632]LogModuleManager: Shutting down and abandoning module SessionServices (358)
[2021.08.14-00.30.27:124][632]LogModuleManager: Shutting down and abandoning module MovieSceneCapture (356)
[2021.08.14-00.30.27:124][632]LogModuleManager: Shutting down and abandoning module LiveCoding (354)
[2021.08.14-00.30.27:124][632]LogModuleManager: Shutting down and abandoning module LevelSequence (352)
[2021.08.14-00.30.27:124][632]LogModuleManager: Shutting down and abandoning module MovieSceneTracks (350)
[2021.08.14-00.30.27:124][632]LogModuleManager: Shutting down and abandoning module MovieScene (348)
[2021.08.14-00.30.27:124][632]LogModuleManager: Shutting down and abandoning module StreamingPauseRendering (346)
[2021.08.14-00.30.27:124][632]LogModuleManager: Shutting down and abandoning module PortalServices (344)
[2021.08.14-00.30.27:124][632]LogModuleManager: Shutting down and abandoning module PortalRpc (342)
[2021.08.14-00.30.27:124][632]LogModuleManager: Shutting down and abandoning module MessagingRpc (340)
[2021.08.14-00.30.27:124][632]LogModuleManager: Shutting down and abandoning module ImageWriteQueue (338)
[2021.08.14-00.30.27:131][632]LogModuleManager: Shutting down and abandoning module ProfilerService (336)
[2021.08.14-00.30.27:369][632]LogModuleManager: Shutting down and abandoning module TaskGraph (334)
[2021.08.14-00.30.27:369][632]LogModuleManager: Shutting down and abandoning module SteamVRController (332)
[2021.08.14-00.30.27:369][632]LogModuleManager: Shutting down and abandoning module ProceduralMeshComponent (330)
[2021.08.14-00.30.27:369][632]LogModuleManager: Shutting down and abandoning module OculusInput (328)
[2021.08.14-00.30.27:369][632]LogModuleManager: Shutting down and abandoning module MobilePatchingUtils (326)
[2021.08.14-00.30.27:369][632]LogModuleManager: Shutting down and abandoning module EditableMesh (324)
[2021.08.14-00.30.27:369][632]LogModuleManager: Shutting down and abandoning module CustomMeshComponent (322)
[2021.08.14-00.30.27:369][632]LogModuleManager: Shutting down and abandoning module CableComponent (320)
[2021.08.14-00.30.27:369][632]LogModuleManager: Shutting down and abandoning module AudioCapture (318)
[2021.08.14-00.30.27:369][632]LogModuleManager: Shutting down and abandoning module ArchVisCharacter (316)
[2021.08.14-00.30.27:369][632]LogModuleManager: Shutting down and abandoning module AndroidPermission (314)
[2021.08.14-00.30.27:369][632]LogModuleManager: Shutting down and abandoning module NUTUnrealEngine4 (312)
[2021.08.14-00.30.27:369][632]LogModuleManager: Shutting down and abandoning module NetcodeUnitTest (310)
[2021.08.14-00.30.27:369][632]LogModuleManager: Shutting down and abandoning module MediaCompositing (308)
[2021.08.14-00.30.27:370][632]LogModuleManager: Shutting down and abandoning module LinearTimecode (306)
[2021.08.14-00.30.27:370][632]LogModuleManager: Shutting down and abandoning module ImgMedia (304)
[2021.08.14-00.30.27:370][632]LogModuleManager: Shutting down and abandoning module MagicLeapHelperVulkan (302)
[2021.08.14-00.30.27:370][632]LogModuleManager: Shutting down and abandoning module MagicLeapHelperOpenGL (300)
[2021.08.14-00.30.27:370][632]LogModuleManager: Shutting down and abandoning module MagicLeapAudio (298)
[2021.08.14-00.30.27:370][632]LogModuleManager: Shutting down and abandoning module HTML5Networking (296)
[2021.08.14-00.30.27:370][632]LogModuleManager: Shutting down and abandoning module GeometryCacheTracks (294)
[2021.08.14-00.30.27:370][632]LogModuleManager: Shutting down and abandoning module GeometryCacheSequencer (293)
[2021.08.14-00.30.27:370][632]LogModuleManager: Shutting down and abandoning module GeometryCache (290)
[2021.08.14-00.30.27:370][632]LogModuleManager: Shutting down and abandoning module GeometryCacheEd (289)
[2021.08.14-00.30.27:370][632]LogModuleManager: Shutting down and abandoning module BackChannel (286)
[2021.08.14-00.30.27:370][632]LogModuleManager: Shutting down and abandoning module AppleVision (284)
[2021.08.14-00.30.27:370][632]LogModuleManager: Shutting down and abandoning module AppleImageUtilsBlueprintSupport (282)
[2021.08.14-00.30.27:370][632]LogModuleManager: Shutting down and abandoning module AppleImageUtils (280)
[2021.08.14-00.30.27:370][632]LogModuleManager: Shutting down and abandoning module VariantManagerContent (278)
[2021.08.14-00.30.27:370][632]LogModuleManager: Shutting down and abandoning module CryptoKeysOpenSSL (276)
[2021.08.14-00.30.27:370][632]LogModuleManager: Shutting down and abandoning module CryptoKeys (274)
[2021.08.14-00.30.27:370][632]LogModuleManager: Shutting down and abandoning module VisualStudioSourceCodeAccess (272)
[2021.08.14-00.30.27:370][632]LogModuleManager: Shutting down and abandoning module HotReload (271)
[2021.08.14-00.30.27:371][632]LogModuleManager: Shutting down and abandoning module DirectoryWatcher (270)
[2021.08.14-00.30.27:371][632]LogModuleManager: Shutting down and abandoning module VisualStudioCodeSourceCodeAccess (266)
[2021.08.14-00.30.27:371][632]LogModuleManager: Shutting down and abandoning module UObjectPlugin (264)
[2021.08.14-00.30.27:371][632]LogModuleManager: Shutting down and abandoning module SubversionSourceControl (262)
[2021.08.14-00.30.27:371][632]LogModuleManager: Shutting down and abandoning module PerforceSourceControl (260)
[2021.08.14-00.30.27:371][632]LogModuleManager: Shutting down and abandoning module SourceControl (259)
[2021.08.14-00.30.27:371][632]LogModuleManager: Shutting down and abandoning module CLionSourceCodeAccess (256)
[2021.08.14-00.30.27:371][632]LogModuleManager: Shutting down and abandoning module ActorLayerUtilities (254)
[2021.08.14-00.30.27:371][632]LogModuleManager: Shutting down and abandoning module SignificanceManager (252)
[2021.08.14-00.30.27:371][632]LogModuleManager: Shutting down and abandoning module RuntimePhysXCooking (250)
[2021.08.14-00.30.27:371][632]LogModuleManager: Shutting down and abandoning module PhysXVehiclesEditor (248)
[2021.08.14-00.30.27:371][632]LogModuleManager: Shutting down and abandoning module PhysXVehicles (246)
[2021.08.14-00.30.27:371][632]LogModuleManager: Shutting down and abandoning module LocationServicesBPLibrary (244)
[2021.08.14-00.30.27:371][632]LogModuleManager: Shutting down and abandoning module ActorSequence (242)
[2021.08.14-00.30.27:371][632]LogModuleManager: Shutting down and abandoning module UdpMessaging (240)
[2021.08.14-00.30.27:473][632]LogModuleManager: Shutting down and abandoning module TcpMessaging (238)
[2021.08.14-00.30.27:574][632]LogModuleManager: Shutting down and abandoning module MagicLeapIdentity (236)
[2021.08.14-00.30.27:574][632]LogModuleManager: Shutting down and abandoning module MagicLeapSecureStorage (234)
[2021.08.14-00.30.27:574][632]LogModuleManager: Shutting down and abandoning module MagicLeapHandTracking (232)
[2021.08.14-00.30.27:574][632]LogModuleManager: Shutting down and abandoning module MagicLeapEyeTracker (230)
[2021.08.14-00.30.27:574][632]LogModuleManager: Shutting down and abandoning module MagicLeapController (228)
[2021.08.14-00.30.27:574][632]LogSlate: Slate User Destroyed.  User Index 0, Is Virtual User: 0
[2021.08.14-00.30.27:574][632]LogModuleManager: Shutting down and abandoning module MagicLeapAR (226)
[2021.08.14-00.30.27:574][632]LogModuleManager: Shutting down and abandoning module AugmentedReality (225)
[2021.08.14-00.30.27:574][632]LogModuleManager: Shutting down and abandoning module GameplayTagsEditor (222)
[2021.08.14-00.30.27:574][632]LogModuleManager: Shutting down and abandoning module FacialAnimation (220)
[2021.08.14-00.30.27:574][632]LogModuleManager: Shutting down and abandoning module DataValidation (218)
[2021.08.14-00.30.27:574][632]LogModuleManager: Shutting down and abandoning module AssetManagerEditor (216)
[2021.08.14-00.30.27:574][632]LogModuleManager: Shutting down and abandoning module TreeMap (215)
[2021.08.14-00.30.27:574][632]LogModuleManager: Shutting down and abandoning module AnimationSharing (212)
[2021.08.14-00.30.27:574][632]LogModuleManager: Shutting down and abandoning module LightPropagationVolumeRuntime (210)
[2021.08.14-00.30.27:574][632]LogModuleManager: Shutting down and abandoning module AISupportModule (208)
[2021.08.14-00.30.27:574][632]LogModuleManager: Shutting down and abandoning module Paper2D (206)
[2021.08.14-00.30.27:574][632]LogModuleManager: Shutting down and abandoning module WindowsMoviePlayer (204)
[2021.08.14-00.30.27:574][632]LogModuleManager: Shutting down and abandoning module WebMMoviePlayer (202)
[2021.08.14-00.30.27:574][632]LogModuleManager: Shutting down and abandoning module PacketHandler (200)
[2021.08.14-00.30.27:574][632]LogModuleManager: Shutting down and abandoning module ClothingSystemEditor (198)
[2021.08.14-00.30.27:574][632]LogModuleManager: Shutting down and abandoning module ClothingSystemRuntime (196)
[2021.08.14-00.30.27:574][632]LogModuleManager: Shutting down and abandoning module MediaAssets (194)
[2021.08.14-00.30.27:575][632]LogModuleManager: Shutting down and abandoning module Overlay (192)
[2021.08.14-00.30.27:575][632]LogModuleManager: Shutting down and abandoning module OverlayEditor (191)
[2021.08.14-00.30.27:575][632]LogModuleManager: Shutting down and abandoning module VREditor (188)
[2021.08.14-00.30.27:575][632]LogModuleManager: Shutting down and abandoning module StringTableEditor (186)
[2021.08.14-00.30.27:575][632]LogModuleManager: Shutting down and abandoning module GameplayTasksEditor (184)
[2021.08.14-00.30.27:575][632]LogModuleManager: Shutting down and abandoning module BehaviorTreeEditor (182)
[2021.08.14-00.30.27:575][632]LogModuleManager: Shutting down and abandoning module FunctionalTesting (180)
[2021.08.14-00.30.27:575][632]LogModuleManager: Shutting down and abandoning module CollisionAnalyzer (178)
[2021.08.14-00.30.27:575][632]LogModuleManager: Shutting down and abandoning module WorkspaceMenuStructure (177)
[2021.08.14-00.30.27:575][632]LogModuleManager: Shutting down and abandoning module UMG (174)
[2021.08.14-00.30.27:575][632]LogModuleManager: Shutting down and abandoning module UMGEditor (173)
[2021.08.14-00.30.27:575][632]LogModuleManager: Shutting down and abandoning module Sequencer (172)
[2021.08.14-00.30.27:575][632]LogModuleManager: Shutting down and abandoning module MessageLog (169)
[2021.08.14-00.30.27:575][632]LogModuleManager: Shutting down and abandoning module SlateReflector (164)
[2021.08.14-00.30.27:575][632]LogModuleManager: Shutting down and abandoning module Slate (162)
[2021.08.14-00.30.27:575][632]LogModuleManager: Shutting down and abandoning module EditorStyle (160)
[2021.08.14-00.30.27:577][632]LogModuleManager: Shutting down and abandoning module UnrealEd (158)
[2021.08.14-00.30.27:577][632]LogModuleManager: Shutting down and abandoning module MRMesh (156)
[2021.08.14-00.30.27:578][632]LogModuleManager: Shutting down and abandoning module Messaging (154)
[2021.08.14-00.30.27:578][632]LogModuleManager: Shutting down and abandoning module SourceCodeAccess (152)
[2021.08.14-00.30.27:578][632]LogModuleManager: Shutting down and abandoning module HeadMountedDisplay (150)
[2021.08.14-00.30.27:578][632]LogModuleManager: Shutting down and abandoning module XAudio2 (148)
[2021.08.14-00.30.27:578][632]LogModuleManager: Shutting down and abandoning module Networking (146)
[2021.08.14-00.30.27:578][632]LogModuleManager: Shutting down and abandoning module Core (144)
[2021.08.14-00.30.27:578][632]LogModuleManager: Shutting down and abandoning module KismetCompiler (142)
[2021.08.14-00.30.27:578][632]LogModuleManager: Shutting down and abandoning module MeshUtilities (140)
[2021.08.14-00.30.27:578][632]LogModuleManager: Shutting down and abandoning module MeshMergeUtilities (139)
[2021.08.14-00.30.27:578][632]LogModuleManager: Shutting down and abandoning module MeshReductionInterface (138)
[2021.08.14-00.30.27:578][632]LogModuleManager: Shutting down and abandoning module SkeletalMeshReduction (137)
[2021.08.14-00.30.27:578][632]LogModuleManager: Shutting down and abandoning module ProxyLODMeshReduction (135)
[2021.08.14-00.30.27:578][632]LogModuleManager: Shutting down and abandoning module QuadricMeshReduction (133)
[2021.08.14-00.30.27:578][632]LogModuleManager: Shutting down and abandoning module MaterialBaking (129)
[2021.08.14-00.30.27:578][632]LogModuleManager: Shutting down and abandoning module PIEPreviewDeviceProfileSelector (124)
[2021.08.14-00.30.27:578][632]LogModuleManager: Shutting down and abandoning module DerivedDataCache (122)
[2021.08.14-00.30.28:006][632]LogDerivedDataCache: Shutdown
[2021.08.14-00.30.28:006][632]LogModuleManager: Shutting down and abandoning module XGEController (120)
[2021.08.14-00.30.28:006][632]LogModuleManager: Shutting down and abandoning module TargetPlatform (118)
[2021.08.14-00.30.28:006][632]LogModuleManager: Shutting down and abandoning module VulkanShaderFormat (117)
[2021.08.14-00.30.28:006][632]LogModuleManager: Shutting down and abandoning module ShaderFormatVectorVM (115)
[2021.08.14-00.30.28:006][632]LogModuleManager: Shutting down and abandoning module ShaderFormatOpenGL (113)
[2021.08.14-00.30.28:006][632]LogModuleManager: Shutting down and abandoning module ShaderFormatD3D (111)
[2021.08.14-00.30.28:006][632]LogModuleManager: Shutting down and abandoning module MetalShaderFormat (109)
[2021.08.14-00.30.28:006][632]LogModuleManager: Shutting down and abandoning module TextureFormatUncompressed (107)
[2021.08.14-00.30.28:006][632]LogModuleManager: Shutting down and abandoning module TextureFormatPVR (105)
[2021.08.14-00.30.28:006][632]LogModuleManager: Shutting down and abandoning module TextureFormatDXT (103)
[2021.08.14-00.30.28:006][632]LogModuleManager: Shutting down and abandoning module TextureFormatIntelISPCTexComp (101)
[2021.08.14-00.30.28:006][632]LogModuleManager: Shutting down and abandoning module TextureFormatASTC (99)
[2021.08.14-00.30.28:007][632]LogModuleManager: Shutting down and abandoning module ImageWrapper (98)
[2021.08.14-00.30.28:007][632]LogModuleManager: Shutting down and abandoning module TextureFormatAndroid (95)
[2021.08.14-00.30.28:007][632]LogModuleManager: Shutting down and abandoning module AudioFormatOpus (93)
[2021.08.14-00.30.28:007][632]LogModuleManager: Shutting down and abandoning module AudioFormatOgg (91)
[2021.08.14-00.30.28:007][632]LogModuleManager: Shutting down and abandoning module AudioFormatADPCM (89)
[2021.08.14-00.30.28:007][632]LogModuleManager: Shutting down and abandoning module WindowsTargetPlatform (87)
[2021.08.14-00.30.28:007][632]LogModuleManager: Shutting down and abandoning module WindowsServerTargetPlatform (85)
[2021.08.14-00.30.28:007][632]LogModuleManager: Shutting down and abandoning module WindowsNoEditorTargetPlatform (83)
[2021.08.14-00.30.28:007][632]LogModuleManager: Shutting down and abandoning module WindowsClientTargetPlatform (81)
[2021.08.14-00.30.28:007][632]LogModuleManager: Shutting down and abandoning module InputCore (78)
[2021.08.14-00.30.28:007][632]LogModuleManager: Shutting down and abandoning module Settings (76)
[2021.08.14-00.30.28:007][632]LogModuleManager: Shutting down and abandoning module PhysXCooking (74)
[2021.08.14-00.30.28:007][632]LogModuleManager: Shutting down and abandoning module SteamVR (72)
[2021.08.14-00.30.28:007][632]LogHMD: Freeing OpenVRDLLHandle.
[2021.08.14-00.30.28:007][632]LogModuleManager: Shutting down and abandoning module OculusHMD (70)
[2021.08.14-00.30.28:007][632]LogModuleManager: Shutting down and abandoning module ExampleDeviceProfileSelector (68)
[2021.08.14-00.30.28:007][632]LogModuleManager: Shutting down and abandoning module LauncherChunkInstaller (66)
[2021.08.14-00.30.28:007][632]LogModuleManager: Shutting down and abandoning module OnlineBlueprintSupport (64)
[2021.08.14-00.30.28:007][632]LogModuleManager: Shutting down and abandoning module OnlineSubsystem (60)
[2021.08.14-00.30.28:010][632]LogModuleManager: Shutting down and abandoning module XMPP (55)
[2021.08.14-00.30.28:010][632]LogModuleManager: Shutting down and abandoning module WebSockets (54)
[2021.08.14-00.30.28:023][632]LogModuleManager: Shutting down and abandoning module HTTP (51)
[2021.08.14-00.30.28:056][632]LogModuleManager: Shutting down and abandoning module SSL (50)
[2021.08.14-00.30.28:058][632]LogModuleManager: Shutting down and abandoning module WmfMedia (46)
[2021.08.14-00.30.28:061][632]LogModuleManager: Shutting down and abandoning module Media (45)
[2021.08.14-00.30.28:068][632]LogModuleManager: Shutting down and abandoning module MagicLeap (42)
[2021.08.14-00.30.28:068][632]LogModuleManager: Shutting down and abandoning module DatasmithContent (40)
[2021.08.14-00.30.28:071][632]LogModuleManager: Shutting down and abandoning module AnimationModifiers (38)
[2021.08.14-00.30.28:071][632]LogModuleManager: Shutting down and abandoning module PropertyEditor (37)
[2021.08.14-00.30.28:071][632]LogModuleManager: Shutting down and abandoning module AudioEditor (34)
[2021.08.14-00.30.28:071][632]LogModuleManager: Shutting down and abandoning module TextureCompressor (32)
[2021.08.14-00.30.28:071][632]LogModuleManager: Shutting down and abandoning module RenderCore (30)
[2021.08.14-00.30.28:072][632]LogModuleManager: Shutting down and abandoning module Landscape (28)
[2021.08.14-00.30.28:072][632]LogModuleManager: Shutting down and abandoning module SlateRHIRenderer (26)
[2021.08.14-00.30.28:072][632]LogModuleManager: Shutting down and abandoning module OpenGLDrv (24)
[2021.08.14-00.30.28:072][632]LogModuleManager: Shutting down and abandoning module D3D11RHI (22)
[2021.08.14-00.30.28:072][632]LogModuleManager: Shutting down and abandoning module AnimGraphRuntime (20)
[2021.08.14-00.30.28:072][632]LogModuleManager: Shutting down and abandoning module Renderer (18)
[2021.08.14-00.30.28:072][632]LogModuleManager: Shutting down and abandoning module Engine (16)
[2021.08.14-00.30.28:072][632]LogModuleManager: Shutting down and abandoning module CoreUObject (14)
[2021.08.14-00.30.28:072][632]LogModuleManager: Shutting down and abandoning module NetworkFile (12)
[2021.08.14-00.30.28:072][632]LogModuleManager: Shutting down and abandoning module CookedIterativeFile (10)
[2021.08.14-00.30.28:072][632]LogModuleManager: Shutting down and abandoning module StreamingFile (8)
[2021.08.14-00.30.28:072][632]LogModuleManager: Shutting down and abandoning module SandboxFile (6)
[2021.08.14-00.30.28:072][632]LogModuleManager: Shutting down and abandoning module PakFile (4)
[2021.08.14-00.30.28:072][632]LogModuleManager: Shutting down and abandoning module RSA (3)
[2021.08.14-00.30.28:087][632]LogExit: Exiting.
[2021.08.14-00.30.28:224][632]Log file closed, 08/13/21 19:30:28
